https://raw.githubusercontent.com/itdoginfo/allow-domains/refs/heads/main/Services/telegram.lst
https://raw.githubusercontent.com/itdoginfo/allow-domains/main/Russia/inside-raw.lst
https://raw.githubusercontent.com/itdoginfo/allow-domains/refs/heads/main/Categories/anime.lst
https://raw.githubusercontent.com/itdoginfo/allow-domains/refs/heads/main/Categories/block.lst
https://raw.githubusercontent.com/itdoginfo/allow-domains/refs/heads/main/Categories/geoblock.lst
https://raw.githubusercontent.com/itdoginfo/allow-domains/refs/heads/main/Categories/news.lst
https://raw.githubusercontent.com/itdoginfo/allow-domains/refs/heads/main/Categories/porn.lst
https://raw.githubusercontent.com/itdoginfo/allow-domains/refs/heads/main/Categories/hodca.lst
https://raw.githubusercontent.com/itdoginfo/allow-domains/refs/heads/main/Services/discord.lst
https://raw.githubusercontent.com/itdoginfo/allow-domains/refs/heads/main/Services/hdrezka.lst
https://raw.githubusercontent.com/itdoginfo/allow-domains/refs/heads/main/Services/meta.lst
https://raw.githubusercontent.com/itdoginfo/allow-domains/refs/heads/main/Services/tiktok.lst
https://raw.githubusercontent.com/itdoginfo/allow-domains/refs/heads/main/Services/twitter.lst
https://raw.githubusercontent.com/itdoginfo/allow-domains/refs/heads/main/Services/youtube.lst
https://raw.githubusercontent.com/itdoginfo/allow-domains/refs/heads/main/Services/google_play.lst
https://raw.githubusercontent.com/itdoginfo/allow-domains/refs/heads/main/Services/google_ai.lst
https://raw.githubusercontent.com/Wearant/domains/refs/heads/main/my_list.lst
https://raw.githubusercontent.com/Wearant/domains/refs/heads/main/mihon_dom.lst
https://raw.githubusercontent.com/itdoginfo/allow-domains/refs/heads/main/Services/cloudflare.lst
https://raw.githubusercontent.com/itdoginfo/allow-domains/refs/heads/main/Services/cloudfront.lst
https://raw.githubusercontent.com/itdoginfo/allow-domains/refs/heads/main/Services/digitalocean.lst
https://raw.githubusercontent.com/itdoginfo/allow-domains/refs/heads/main/Services/ovh.lst
https://raw.githubusercontent.com/itdoginfo/allow-domains/refs/heads/main/Services/hetzner.lst
https://raw.githubusercontent.com/itdoginfo/allow-domains/refs/heads/main/Services/roblox.lst
