adultmult.tv
amedia.site
anilib.me
anilibria.org
anilibria.tv
anilibria.uno
anilibria.wtf
animaunt.org
anime-portal.su
animebest.org
animedia.tv
animego.org
animespirit.ru
anistar.org
anistars.ru
attachments.f95zone.to
bato.to
cdninstagram.com
chaturbate.com
circlecrewpinkcrowd.com
coomer.su
danbooru.donmai.us
delivery.2d.net.co
dorama.live
doramalive.ru
doramy.club
e-hentai.org
e621.net
eporner.com
etahub.com
facebook.com
facebook.net
fansly.com
fb.com
fbcdn.net
fbsbx.com
ficbook.net
freeones.com
gelbooru.com
hentai-foundry.com
hitomi.la
hqporner.com
ig.me
instagram.com
internalfb.com
jut-su.net
jut.su
kara.su
kemono.su
mangadex.org
mangahub.ru
mangapark.net
manyvids.com
meta.com
multporn.net
myanimelist.net
mydoramy.club
nhentai.com
nhentai.net
nude-moon.org
oculus.com
phncdn.com
phncdn.com.sds.rncdn7.com
playboy.com
pornhub.com
pornhub.org
pornolab.net
realbooru.com
reddxxx.com
redgifs.com
rentry.org
rule34.art
rule34.us
rule34.xxx
shikimori.me
shiza-project.com
slashlib.me
sovetromantica.com
theporndude.com
threads.net
ukdevilz.com
vipergirls.to
vndb.org
wa.me
whatsapp.biz
whatsapp.com
whatsapp.net
xhamster.com
xhamsterlive.com
xhcdn.com
xnxx-cdn.com
xnxx-ru.com
xnxx.com
xnxx.net
xnxx.tv
xnxx3.com
xv-ru.com
xvideos-cdn.com
xvideos.com
yande.re
yummyani.me
